[debug] [2025-04-27T16:03:38.251Z] ----------------------------------------------------------------------
[debug] [2025-04-27T16:03:38.258Z] Command:       C:\Program Files\nodejs\node.exe C:\Users\Mirzahalil\AppData\Roaming\npm\node_modules\firebase-tools\lib\bin\firebase.js init hosting
[debug] [2025-04-27T16:03:38.258Z] CLI Version:   14.2.1
[debug] [2025-04-27T16:03:38.259Z] Platform:      win32
[debug] [2025-04-27T16:03:38.259Z] Node Version:  v22.15.0
[debug] [2025-04-27T16:03:38.260Z] Time:          Sun Apr 27 2025 20:03:38 GMT+0400 (Персидский залив)
[debug] [2025-04-27T16:03:38.261Z] ----------------------------------------------------------------------
[debug] 
[debug] [2025-04-27T16:03:38.270Z] >>> [apiv2][query] GET https://firebase-public.firebaseio.com/cli.json [none]
[debug] [2025-04-27T16:03:38.348Z] > command requires scopes: ["email","openid","https://www.googleapis.com/auth/cloudplatformprojects.readonly","https://www.googleapis.com/auth/firebase","https://www.googleapis.com/auth/cloud-platform"]
[debug] [2025-04-27T16:03:38.348Z] > authorizing via signed-in user (dub.real.estate.khalil@gmail.com)
[info] 
     ######## #### ########  ######## ########     ###     ######  ########
     ##        ##  ##     ## ##       ##     ##  ##   ##  ##       ##
     ######    ##  ########  ######   ########  #########  ######  ######
     ##        ##  ##    ##  ##       ##     ## ##     ##       ## ##
     ##       #### ##     ## ######## ########  ##     ##  ######  ########

You're about to initialize a Firebase project in this directory:

  C:\Users\Mirzahalil\Desktop\Маг

[debug] [2025-04-27T16:03:39.147Z] <<< [apiv2][status] GET https://firebase-public.firebaseio.com/cli.json 200
[debug] [2025-04-27T16:03:39.148Z] <<< [apiv2][body] GET https://firebase-public.firebaseio.com/cli.json {"cloudBuildErrorAfter":1594252800000,"cloudBuildWarnAfter":1590019200000,"defaultNode10After":1594252800000,"minVersion":"3.0.5","node8DeploysDisabledAfter":1613390400000,"node8RuntimeDisabledAfter":1615809600000,"node8WarnAfter":1600128000000}
[info] 
=== Project Setup
[info] 
[info] First, let's associate this project directory with a Firebase project.
[info] You can create multiple project aliases by running firebase use --add, 
[info] but for now we'll just set up a default project.
[info] 
[debug] [2025-04-27T16:04:42.246Z] Checked if tokens are valid: false, expires at: 1745513507414
[debug] [2025-04-27T16:04:42.247Z] Checked if tokens are valid: false, expires at: 1745513507414
[debug] [2025-04-27T16:04:42.247Z] > refreshing access token with scopes: []
[debug] [2025-04-27T16:04:42.249Z] >>> [apiv2][query] POST https://www.googleapis.com/oauth2/v3/token [none]
[debug] [2025-04-27T16:04:42.249Z] >>> [apiv2][body] POST https://www.googleapis.com/oauth2/v3/token [omitted]
[debug] [2025-04-27T16:04:42.688Z] <<< [apiv2][status] POST https://www.googleapis.com/oauth2/v3/token 200
[debug] [2025-04-27T16:04:42.688Z] <<< [apiv2][body] POST https://www.googleapis.com/oauth2/v3/token [omitted]
[debug] [2025-04-27T16:04:42.716Z] >>> [apiv2][query] GET https://firebase.googleapis.com/v1beta1/projects pageSize=100
[debug] [2025-04-27T16:04:43.578Z] <<< [apiv2][status] GET https://firebase.googleapis.com/v1beta1/projects 200
[debug] [2025-04-27T16:04:43.579Z] <<< [apiv2][body] GET https://firebase.googleapis.com/v1beta1/projects [omitted]
[info] i  Using project magic-battle-76d64 (Magic Battle) 
[info] 
=== Hosting Setup
[debug] [2025-04-27T16:04:45.734Z] Checked if tokens are valid: true, expires at: 1745773481689
[debug] [2025-04-27T16:04:45.734Z] Checked if tokens are valid: true, expires at: 1745773481689
[debug] [2025-04-27T16:04:45.734Z] >>> [apiv2][query] GET https://firebase.googleapis.com/v1beta1/projects/magic-battle-76d64 [none]
[debug] [2025-04-27T16:04:46.113Z] <<< [apiv2][status] GET https://firebase.googleapis.com/v1beta1/projects/magic-battle-76d64 200
[debug] [2025-04-27T16:04:46.113Z] <<< [apiv2][body] GET https://firebase.googleapis.com/v1beta1/projects/magic-battle-76d64 {"projectId":"magic-battle-76d64","projectNumber":"366325237552","displayName":"Magic Battle","name":"projects/magic-battle-76d64","resources":{"hostingSite":"magic-battle-76d64"},"state":"ACTIVE","etag":"1_62bd9ec7-fa56-441f-9e22-73d180e829d7"}
[info] 
[info] Your public directory is the folder (relative to your project directory) that
[info] will contain Hosting assets to be uploaded with firebase deploy. If you
[info] have a build process for your assets, use your build's output directory.
[info] 
[debug] [2025-04-27T16:06:14.740Z] >>> [apiv2][query] GET https://www.gstatic.com/firebasejs/releases.json [none]
[debug] [2025-04-27T16:06:14.932Z] <<< [apiv2][status] GET https://www.gstatic.com/firebasejs/releases.json 200
[debug] [2025-04-27T16:06:14.933Z] <<< [apiv2][body] GET https://www.gstatic.com/firebasejs/releases.json {"current":{"version":"11.6.1","browserURL":"https://www.gstatic.com/firebasejs/11.6.1/firebase.js","packageURL":"https://www.gstatic.com/firebasejs/11.6.1/firebase.tgz"},"live":{"version":"11.6","browserURL":"https://www.gstatic.com/firebasejs/live/11.6/firebase.js","packageURL":"https://www.gstatic.com/firebasejs/live/11.6/firebase.tgz"},"components":{"analytics":"https://www.gstatic.com/firebasejs/11.6.1/firebase-analytics.js","app":"https://www.gstatic.com/firebasejs/11.6.1/firebase-app.js","app-check":"https://www.gstatic.com/firebasejs/11.6.1/firebase-app-check.js","auth":"https://www.gstatic.com/firebasejs/11.6.1/firebase-auth.js","auth/cordova":"https://www.gstatic.com/firebasejs/11.6.1/firebase-auth/cordova.js","auth/web-extension":"https://www.gstatic.com/firebasejs/11.6.1/firebase-auth/web-extension.js","functions":"https://www.gstatic.com/firebasejs/11.6.1/firebase-functions.js","firestore":"https://www.gstatic.com/firebasejs/11.6.1/firebase-firestore.js","firestore/lite":"https://www.gstatic.com/firebasejs/11.6.1/firebase-firestore/lite.js","installations":"https://www.gstatic.com/firebasejs/11.6.1/firebase-installations.js","storage":"https://www.gstatic.com/firebasejs/11.6.1/firebase-storage.js","performance":"https://www.gstatic.com/firebasejs/11.6.1/firebase-performance.js","remote-config":"https://www.gstatic.com/firebasejs/11.6.1/firebase-remote-config.js","messaging":"https://www.gstatic.com/firebasejs/11.6.1/firebase-messaging.js","messaging/sw":"https://www.gstatic.com/firebasejs/11.6.1/firebase-messaging/sw.js","database":"https://www.gstatic.com/firebasejs/11.6.1/firebase-database.js","vertexai":"https://www.gstatic.com/firebasejs/11.6.1/firebase-vertexai.js","data-connect":"https://www.gstatic.com/firebasejs/11.6.1/firebase-data-connect.js","firestore.memory":"https://www.gstatic.com/firebasejs/11.6.1/firebase-firestore.memory.js"}}
[info] +  Wrote public/index.html 
[info] 
[info] i  Didn't detect a .git folder. Assuming C:\Users\Mirzahalil\Desktop\Маг is the project root. 
[info] i  Authorizing with GitHub to upload your service account to a GitHub repository's secrets store. 
[info] 
[info] Visit this URL on this device to log in:
[info] https://github.com/login/oauth/authorize?client_id=89cf50f02ac6aaed3484&state=1014431932&redirect_uri=http%3A%2F%2Flocalhost%3A9005&scope=read%3Auser%20repo%20public_repo
[info] 
[info] Waiting for authentication...
[debug] [2025-04-27T16:06:31.766Z] >>> [apiv2][query] POST https://github.com/login/oauth/access_token [none]
[debug] [2025-04-27T16:06:31.766Z] >>> [apiv2][body] POST https://github.com/login/oauth/access_token [stream]
[debug] [2025-04-27T16:06:32.117Z] <<< [apiv2][status] POST https://github.com/login/oauth/access_token 200
[debug] [2025-04-27T16:06:32.118Z] <<< [apiv2][body] POST https://github.com/login/oauth/access_token {"access_token":"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","token_type":"bearer","scope":"read:user,repo"}
[debug] [2025-04-27T16:06:32.134Z] >>> [apiv2][query] GET https://api.github.com/user [none]
[debug] [2025-04-27T16:06:32.530Z] <<< [apiv2][status] GET https://api.github.com/user 200
[debug] [2025-04-27T16:06:32.531Z] <<< [apiv2][body] GET https://api.github.com/user {"login":"KhalilWeb01","id":207203093,"node_id":"U_kgDODFmrFQ","avatar_url":"https://avatars.githubusercontent.com/u/207203093?v=4","gravatar_id":"","url":"https://api.github.com/users/KhalilWeb01","html_url":"https://github.com/KhalilWeb01","followers_url":"https://api.github.com/users/KhalilWeb01/followers","following_url":"https://api.github.com/users/KhalilWeb01/following{/other_user}","gists_url":"https://api.github.com/users/KhalilWeb01/gists{/gist_id}","starred_url":"https://api.github.com/users/KhalilWeb01/starred{/owner}{/repo}","subscriptions_url":"https://api.github.com/users/KhalilWeb01/subscriptions","organizations_url":"https://api.github.com/users/KhalilWeb01/orgs","repos_url":"https://api.github.com/users/KhalilWeb01/repos","events_url":"https://api.github.com/users/KhalilWeb01/events{/privacy}","received_events_url":"https://api.github.com/users/KhalilWeb01/received_events","type":"User","user_view_type":"private","site_admin":false,"name":null,"company":null,"blog":"","location":null,"email":null,"hireable":null,"bio":null,"twitter_username":null,"notification_email":null,"public_repos":1,"public_gists":0,"followers":0,"following":0,"created_at":"2025-04-11T12:33:21Z","updated_at":"2025-04-27T16:06:21Z","private_gists":0,"total_private_repos":1,"owned_private_repos":1,"disk_usage":171993,"collaborators":0,"two_factor_authentication":false,"plan":{"name":"free","space":976562499,"collaborators":0,"private_repos":10000}}
[info] 
[info] +  Success! Logged into GitHub as KhalilWeb01 
[info] 
